<?xml version="1.0" encoding="UTF-8"?>
<!-- Generated by org.testng.reporters.JUnitReportReporter -->
<testsuite hostname="Ranjit-PC" name="testngexecution.Vehicle" tests="1" failures="0" timestamp="25 May 2016 16:20:06 GMT" time="12.926" errors="0">
  <testcase name="selectvehicle" time="12.926" classname="testngexecution.Vehicle"/>
</testsuite> <!-- testngexecution.Vehicle -->
