<?xml version="1.0" encoding="UTF-8"?>
<!-- Generated by org.testng.reporters.JUnitReportReporter -->
<testsuite hostname="Ranjit-PC" name="advancereporting.Extentreports1" tests="1" failures="0" timestamp="13 Jun 2016 07:30:15 GMT" time="326.063" errors="0">
  <testcase name="verifytitle" time="326.063" classname="advancereporting.Extentreports1"/>
</testsuite> <!-- advancereporting.Extentreports1 -->
